[2020-11-07 10:16:48] local.INFO: select * from `users` where `id` = ? and `users`.`deleted_at` is null limit 1 ["1"] 
[2020-11-07 10:16:48] local.INFO: select * from `users` where `id` = ? and `users`.`deleted_at` is null limit 1 [1] 
[2020-11-07 10:16:54] local.INFO: select * from `users` where `id` = ? and `users`.`deleted_at` is null limit 1 [1] 
[2020-11-07 10:16:54] local.INFO: select * from `permissions`  
[2020-11-07 10:16:54] local.INFO: select `roles`.*, `role_has_permissions`.`permission_id` as `pivot_permission_id`, `role_has_permissions`.`role_id` as `pivot_role_id` from `roles` inner join `role_has_permissions` on `roles`.`id` = `role_has_permissions`.`role_id` where `role_has_permissions`.`permission_id` in (1, 2, 3, 4, 5, 6, 7, 8, 9, 10, 11, 12, 13, 14, 15, 16, 17, 18, 19, 20, 21, 22, 23, 24, 25, 26, 27, 28, 29, 30, 31, 32, 33, 34, 35, 36, 37, 38, 39, 40, 41, 42, 43, 44, 45, 46, 47, 48, 49, 50, 51, 52, 53, 54, 55, 56, 57, 58, 59, 60, 61, 62, 63, 64, 65, 66, 67, 68, 69, 70, 71, 72, 73, 74, 75, 76, 77, 78, 79, 80, 81, 82, 83, 84, 85, 86, 87, 88, 89, 90, 91, 92, 93, 94, 95, 96, 97, 98, 99, 100, 101, 102, 103, 104, 105, 106, 107, 108, 109, 110, 111, 112, 113, 114, 115, 116, 117, 118, 119, 120, 121, 122, 123, 124, 125, 126, 127, 128, 129, 130, 131, 132, 133, 134, 135, 136, 137, 138, 139, 140)  
[2020-11-07 10:16:54] local.INFO: select `permissions`.*, `model_has_permissions`.`model_id` as `pivot_model_id`, `model_has_permissions`.`permission_id` as `pivot_permission_id`, `model_has_permissions`.`model_type` as `pivot_model_type` from `permissions` inner join `model_has_permissions` on `permissions`.`id` = `model_has_permissions`.`permission_id` where `model_has_permissions`.`model_id` = ? and `model_has_permissions`.`model_type` = ? [1,"App\\User"] 
[2020-11-07 10:16:54] local.INFO: select `roles`.*, `model_has_roles`.`model_id` as `pivot_model_id`, `model_has_roles`.`role_id` as `pivot_role_id`, `model_has_roles`.`model_type` as `pivot_model_type` from `roles` inner join `model_has_roles` on `roles`.`id` = `model_has_roles`.`role_id` where `model_has_roles`.`model_id` = ? and `model_has_roles`.`model_type` = ? [1,"App\\User"] 
[2020-11-07 10:16:59] local.INFO: select * from `users` where `id` = ? and `users`.`deleted_at` is null limit 1 [1] 
[2020-11-07 10:16:59] local.INFO: select `permissions`.*, `model_has_permissions`.`model_id` as `pivot_model_id`, `model_has_permissions`.`permission_id` as `pivot_permission_id`, `model_has_permissions`.`model_type` as `pivot_model_type` from `permissions` inner join `model_has_permissions` on `permissions`.`id` = `model_has_permissions`.`permission_id` where `model_has_permissions`.`model_id` = ? and `model_has_permissions`.`model_type` = ? [1,"App\\User"] 
[2020-11-07 10:16:59] local.INFO: select `roles`.*, `model_has_roles`.`model_id` as `pivot_model_id`, `model_has_roles`.`role_id` as `pivot_role_id`, `model_has_roles`.`model_type` as `pivot_model_type` from `roles` inner join `model_has_roles` on `roles`.`id` = `model_has_roles`.`role_id` where `model_has_roles`.`model_id` = ? and `model_has_roles`.`model_type` = ? [1,"App\\User"] 
[2020-11-07 10:17:02] local.INFO: select * from `users` where `id` = ? and `users`.`deleted_at` is null limit 1 [1] 
[2020-11-07 10:17:02] local.INFO: select * from `suppliers`  
[2020-11-07 10:17:03] local.INFO: select `permissions`.*, `model_has_permissions`.`model_id` as `pivot_model_id`, `model_has_permissions`.`permission_id` as `pivot_permission_id`, `model_has_permissions`.`model_type` as `pivot_model_type` from `permissions` inner join `model_has_permissions` on `permissions`.`id` = `model_has_permissions`.`permission_id` where `model_has_permissions`.`model_id` = ? and `model_has_permissions`.`model_type` = ? [1,"App\\User"] 
[2020-11-07 10:17:03] local.INFO: select `roles`.*, `model_has_roles`.`model_id` as `pivot_model_id`, `model_has_roles`.`role_id` as `pivot_role_id`, `model_has_roles`.`model_type` as `pivot_model_type` from `roles` inner join `model_has_roles` on `roles`.`id` = `model_has_roles`.`role_id` where `model_has_roles`.`model_id` = ? and `model_has_roles`.`model_type` = ? [1,"App\\User"] 
[2020-11-07 10:17:05] local.INFO: select * from `users` where `id` = ? and `users`.`deleted_at` is null limit 1 [1] 
[2020-11-07 10:17:05] local.INFO: select * from `sale_estimations` order by `sale_estimation_no` asc  
[2020-11-07 10:17:05] local.INFO: select * from `sale_estimation_items` where `sale_estimation_no` = ? ["1"] 
[2020-11-07 10:17:05] local.INFO: select * from `sale_estimation_expenses` where `sale_estimation_no` = ? ["1"] 
[2020-11-07 10:17:05] local.INFO: select * from `sale_estimation_items` where `sale_estimation_no` = ? ["2"] 
[2020-11-07 10:17:05] local.INFO: select * from `sale_estimation_expenses` where `sale_estimation_no` = ? ["2"] 
[2020-11-07 10:17:05] local.INFO: select * from `sale_estimation_items` where `sale_estimation_no` = ? ["3"] 
[2020-11-07 10:17:05] local.INFO: select * from `sale_estimation_expenses` where `sale_estimation_no` = ? ["3"] 
[2020-11-07 10:17:05] local.INFO: select * from `sale_estimation_items` where `sale_estimation_no` = ? ["4"] 
[2020-11-07 10:17:05] local.INFO: select * from `sale_estimation_expenses` where `sale_estimation_no` = ? ["4"] 
[2020-11-07 10:17:05] local.INFO: select * from `sale_estimation_items` where `sale_estimation_no` = ? ["5"] 
[2020-11-07 10:17:05] local.INFO: select * from `sale_estimation_expenses` where `sale_estimation_no` = ? ["5"] 
[2020-11-07 10:17:05] local.INFO: select * from `sale_estimation_items` where `sale_estimation_no` = ? ["6"] 
[2020-11-07 10:17:05] local.INFO: select * from `sale_estimation_expenses` where `sale_estimation_no` = ? ["6"] 
[2020-11-07 10:17:05] local.INFO: select * from `sale_estimation_items` where `sale_estimation_no` = ? ["7"] 
[2020-11-07 10:17:05] local.INFO: select * from `sale_estimation_expenses` where `sale_estimation_no` = ? ["7"] 
[2020-11-07 10:17:05] local.INFO: select * from `sale_estimation_items` where `sale_estimation_no` = ? ["8"] 
[2020-11-07 10:17:05] local.INFO: select * from `sale_estimation_expenses` where `sale_estimation_no` = ? ["8"] 
[2020-11-07 10:17:05] local.INFO: select * from `sale_estimation_items` where `sale_estimation_no` = ? ["9"] 
[2020-11-07 10:17:05] local.INFO: select * from `sale_estimation_expenses` where `sale_estimation_no` = ? ["9"] 
[2020-11-07 10:17:05] local.INFO: select * from `customers` where `customers`.`id` = ? limit 1 [1] 
[2020-11-07 10:17:05] local.INFO: select * from `customers` where `customers`.`id` = ? limit 1 [2] 
[2020-11-07 10:17:05] local.INFO: select * from `agents` where `agents`.`id` = ? and `agents`.`deleted_at` is null limit 1 [1] 
[2020-11-07 10:17:05] local.INFO: select * from `customers` where `customers`.`id` = ? limit 1 [2] 
[2020-11-07 10:17:05] local.INFO: select * from `agents` where `agents`.`id` = ? and `agents`.`deleted_at` is null limit 1 [3] 
[2020-11-07 10:17:05] local.INFO: select * from `agents` where `agents`.`id` = ? and `agents`.`deleted_at` is null limit 1 [1] 
[2020-11-07 10:17:05] local.INFO: select * from `customers` where `customers`.`id` = ? limit 1 [2] 
[2020-11-07 10:17:06] local.INFO: select * from `sales_men` where `sales_men`.`id` = ? limit 1 [4] 
[2020-11-07 10:17:06] local.INFO: select * from `agents` where `agents`.`id` = ? and `agents`.`deleted_at` is null limit 1 [3] 
[2020-11-07 10:17:06] local.INFO: select `permissions`.*, `model_has_permissions`.`model_id` as `pivot_model_id`, `model_has_permissions`.`permission_id` as `pivot_permission_id`, `model_has_permissions`.`model_type` as `pivot_model_type` from `permissions` inner join `model_has_permissions` on `permissions`.`id` = `model_has_permissions`.`permission_id` where `model_has_permissions`.`model_id` = ? and `model_has_permissions`.`model_type` = ? [1,"App\\User"] 
[2020-11-07 10:17:06] local.INFO: select `roles`.*, `model_has_roles`.`model_id` as `pivot_model_id`, `model_has_roles`.`role_id` as `pivot_role_id`, `model_has_roles`.`model_type` as `pivot_model_type` from `roles` inner join `model_has_roles` on `roles`.`id` = `model_has_roles`.`role_id` where `model_has_roles`.`model_id` = ? and `model_has_roles`.`model_type` = ? [1,"App\\User"] 
[2020-11-07 10:17:14] local.INFO: select * from `sale_estimations` where `sale_estimation_no` = ? limit 1 ["1"] 
[2020-11-07 10:17:14] local.INFO: update `sale_estimations` set `cancel_status` = ?, `sale_estimations`.`updated_at` = ? where `id` = ? [0,"2020-11-07 10:17:14",1] 
[2020-11-07 10:17:15] local.INFO: select * from `users` where `id` = ? and `users`.`deleted_at` is null limit 1 [1] 
[2020-11-07 10:17:15] local.INFO: select * from `sale_estimations` order by `sale_estimation_no` asc  
[2020-11-07 10:17:15] local.INFO: select * from `sale_estimation_items` where `sale_estimation_no` = ? ["1"] 
[2020-11-07 10:17:15] local.INFO: select * from `sale_estimation_expenses` where `sale_estimation_no` = ? ["1"] 
[2020-11-07 10:17:15] local.INFO: select * from `sale_estimation_items` where `sale_estimation_no` = ? ["2"] 
[2020-11-07 10:17:15] local.INFO: select * from `sale_estimation_expenses` where `sale_estimation_no` = ? ["2"] 
[2020-11-07 10:17:15] local.INFO: select * from `sale_estimation_items` where `sale_estimation_no` = ? ["3"] 
[2020-11-07 10:17:15] local.INFO: select * from `sale_estimation_expenses` where `sale_estimation_no` = ? ["3"] 
[2020-11-07 10:17:15] local.INFO: select * from `sale_estimation_items` where `sale_estimation_no` = ? ["4"] 
[2020-11-07 10:17:15] local.INFO: select * from `sale_estimation_expenses` where `sale_estimation_no` = ? ["4"] 
[2020-11-07 10:17:15] local.INFO: select * from `sale_estimation_items` where `sale_estimation_no` = ? ["5"] 
[2020-11-07 10:17:15] local.INFO: select * from `sale_estimation_expenses` where `sale_estimation_no` = ? ["5"] 
[2020-11-07 10:17:15] local.INFO: select * from `sale_estimation_items` where `sale_estimation_no` = ? ["6"] 
[2020-11-07 10:17:15] local.INFO: select * from `sale_estimation_expenses` where `sale_estimation_no` = ? ["6"] 
[2020-11-07 10:17:15] local.INFO: select * from `sale_estimation_items` where `sale_estimation_no` = ? ["7"] 
[2020-11-07 10:17:15] local.INFO: select * from `sale_estimation_expenses` where `sale_estimation_no` = ? ["7"] 
[2020-11-07 10:17:15] local.INFO: select * from `sale_estimation_items` where `sale_estimation_no` = ? ["8"] 
[2020-11-07 10:17:15] local.INFO: select * from `sale_estimation_expenses` where `sale_estimation_no` = ? ["8"] 
[2020-11-07 10:17:15] local.INFO: select * from `sale_estimation_items` where `sale_estimation_no` = ? ["9"] 
[2020-11-07 10:17:15] local.INFO: select * from `sale_estimation_expenses` where `sale_estimation_no` = ? ["9"] 
[2020-11-07 10:17:15] local.INFO: select * from `customers` where `customers`.`id` = ? limit 1 [1] 
[2020-11-07 10:17:15] local.INFO: select * from `customers` where `customers`.`id` = ? limit 1 [2] 
[2020-11-07 10:17:15] local.INFO: select * from `agents` where `agents`.`id` = ? and `agents`.`deleted_at` is null limit 1 [1] 
[2020-11-07 10:17:15] local.INFO: select * from `customers` where `customers`.`id` = ? limit 1 [2] 
[2020-11-07 10:17:15] local.INFO: select * from `agents` where `agents`.`id` = ? and `agents`.`deleted_at` is null limit 1 [3] 
[2020-11-07 10:17:15] local.INFO: select * from `agents` where `agents`.`id` = ? and `agents`.`deleted_at` is null limit 1 [1] 
[2020-11-07 10:17:15] local.INFO: select * from `customers` where `customers`.`id` = ? limit 1 [2] 
[2020-11-07 10:17:15] local.INFO: select * from `sales_men` where `sales_men`.`id` = ? limit 1 [4] 
[2020-11-07 10:17:15] local.INFO: select * from `agents` where `agents`.`id` = ? and `agents`.`deleted_at` is null limit 1 [3] 
[2020-11-07 10:17:15] local.INFO: select `permissions`.*, `model_has_permissions`.`model_id` as `pivot_model_id`, `model_has_permissions`.`permission_id` as `pivot_permission_id`, `model_has_permissions`.`model_type` as `pivot_model_type` from `permissions` inner join `model_has_permissions` on `permissions`.`id` = `model_has_permissions`.`permission_id` where `model_has_permissions`.`model_id` = ? and `model_has_permissions`.`model_type` = ? [1,"App\\User"] 
[2020-11-07 10:17:15] local.INFO: select `roles`.*, `model_has_roles`.`model_id` as `pivot_model_id`, `model_has_roles`.`role_id` as `pivot_role_id`, `model_has_roles`.`model_type` as `pivot_model_type` from `roles` inner join `model_has_roles` on `roles`.`id` = `model_has_roles`.`role_id` where `model_has_roles`.`model_id` = ? and `model_has_roles`.`model_type` = ? [1,"App\\User"] 
[2020-11-07 10:17:22] local.INFO: select * from `users` where `id` = ? and `users`.`deleted_at` is null limit 1 [1] 
[2020-11-07 10:17:22] local.INFO: select * from `delivery_notes`  
[2020-11-07 10:17:22] local.INFO: select * from `delivery_note_items` where `d_no` = ? ["y1uxhZ"] 
[2020-11-07 10:17:22] local.INFO: select * from `delivery_note_expenses` where `d_no` = ? ["y1uxhZ"] 
[2020-11-07 10:17:22] local.INFO: select * from `delivery_note_items` where `d_no` = ? ["QsuaRS"] 
[2020-11-07 10:17:22] local.INFO: select * from `delivery_note_expenses` where `d_no` = ? ["QsuaRS"] 
[2020-11-07 10:17:22] local.INFO: select * from `delivery_note_items` where `d_no` = ? ["DN6"] 
[2020-11-07 10:17:22] local.INFO: select * from `delivery_note_expenses` where `d_no` = ? ["DN6"] 
[2020-11-07 10:17:22] local.INFO: select * from `delivery_note_items` where `d_no` = ? ["DN10"] 
[2020-11-07 10:17:22] local.INFO: select * from `delivery_note_expenses` where `d_no` = ? ["DN10"] 
[2020-11-07 10:17:22] local.INFO: select * from `delivery_note_items` where `d_no` = ? ["DN11"] 
[2020-11-07 10:17:22] local.INFO: select * from `delivery_note_expenses` where `d_no` = ? ["DN11"] 
[2020-11-07 10:17:22] local.INFO: select * from `delivery_note_items` where `d_no` = ? ["DN12"] 
[2020-11-07 10:17:22] local.INFO: select * from `delivery_note_expenses` where `d_no` = ? ["DN12"] 
[2020-11-07 10:17:22] local.INFO: select * from `delivery_note_items` where `d_no` = ? ["DN13"] 
[2020-11-07 10:17:22] local.INFO: select * from `delivery_note_expenses` where `d_no` = ? ["DN13"] 
[2020-11-07 10:17:22] local.INFO: select * from `delivery_note_items` where `d_no` = ? ["DN15"] 
[2020-11-07 10:17:22] local.INFO: select * from `delivery_note_expenses` where `d_no` = ? ["DN15"] 
[2020-11-07 10:17:22] local.INFO: select * from `delivery_note_items` where `d_no` = ? ["DN16"] 
[2020-11-07 10:17:22] local.INFO: select * from `delivery_note_expenses` where `d_no` = ? ["DN16"] 
[2020-11-07 10:17:22] local.INFO: select * from `delivery_note_items` where `d_no` = ? ["DN17"] 
[2020-11-07 10:17:22] local.INFO: select * from `delivery_note_expenses` where `d_no` = ? ["DN17"] 
[2020-11-07 10:17:22] local.INFO: select * from `delivery_note_items` where `d_no` = ? ["DN18"] 
[2020-11-07 10:17:22] local.INFO: select * from `delivery_note_expenses` where `d_no` = ? ["DN18"] 
[2020-11-07 10:17:22] local.INFO: select * from `sales_men` where `sales_men`.`id` = ? limit 1 [4] 
[2020-11-07 10:17:22] local.INFO: select `permissions`.*, `model_has_permissions`.`model_id` as `pivot_model_id`, `model_has_permissions`.`permission_id` as `pivot_permission_id`, `model_has_permissions`.`model_type` as `pivot_model_type` from `permissions` inner join `model_has_permissions` on `permissions`.`id` = `model_has_permissions`.`permission_id` where `model_has_permissions`.`model_id` = ? and `model_has_permissions`.`model_type` = ? [1,"App\\User"] 
[2020-11-07 10:17:22] local.INFO: select `roles`.*, `model_has_roles`.`model_id` as `pivot_model_id`, `model_has_roles`.`role_id` as `pivot_role_id`, `model_has_roles`.`model_type` as `pivot_model_type` from `roles` inner join `model_has_roles` on `roles`.`id` = `model_has_roles`.`role_id` where `model_has_roles`.`model_id` = ? and `model_has_roles`.`model_type` = ? [1,"App\\User"] 
[2020-11-07 10:26:11] local.INFO: select * from `users` where `id` = ? and `users`.`deleted_at` is null limit 1 [1] 
[2020-11-07 10:26:11] local.INFO: select * from `debit_notes`  
[2020-11-07 10:26:12] local.INFO: select `permissions`.*, `model_has_permissions`.`model_id` as `pivot_model_id`, `model_has_permissions`.`permission_id` as `pivot_permission_id`, `model_has_permissions`.`model_type` as `pivot_model_type` from `permissions` inner join `model_has_permissions` on `permissions`.`id` = `model_has_permissions`.`permission_id` where `model_has_permissions`.`model_id` = ? and `model_has_permissions`.`model_type` = ? [1,"App\\User"] 
[2020-11-07 10:26:12] local.INFO: select `roles`.*, `model_has_roles`.`model_id` as `pivot_model_id`, `model_has_roles`.`role_id` as `pivot_role_id`, `model_has_roles`.`model_type` as `pivot_model_type` from `roles` inner join `model_has_roles` on `roles`.`id` = `model_has_roles`.`role_id` where `model_has_roles`.`model_id` = ? and `model_has_roles`.`model_type` = ? [1,"App\\User"] 
