[2020-11-04 12:36:12] local.ERROR: SQLSTATE[HY000] [1049] Unknown database 'ns_pollachi' (SQL: select * from `users` where `user_name` = admvishnu@skst.com and `users`.`deleted_at` is null limit 1) {"exception":"[object] (Illuminate\\Database\\QueryException(code: 1049): SQLSTATE[HY000] [1049] Unknown database 'ns_pollachi' (SQL: select * from `users` where `user_name` = admvishnu@skst.com and `users`.`deleted_at` is null limit 1) at C:\\xampp\\htdocs\
s_pollachi\\vendor\\laravel\\framework\\src\\Illuminate\\Database\\Connection.php:664, PDOException(code: 1049): SQLSTATE[HY000] [1049] Unknown database 'ns_pollachi' at C:\\xampp\\htdocs\
s_pollachi\\vendor\\laravel\\framework\\src\\Illuminate\\Database\\Connectors\\Connector.php:70)
[stacktrace]
#0 C:\\xampp\\htdocs\
s_pollachi\\vendor\\laravel\\framework\\src\\Illuminate\\Database\\Connection.php(624): Illuminate\\Database\\Connection->runQueryCallback('select * from `...', Array, Object(Closure))
#1 C:\\xampp\\htdocs\
s_pollachi\\vendor\\laravel\\framework\\src\\Illuminate\\Database\\Connection.php(333): Illuminate\\Database\\Connection->run('select * from `...', Array, Object(Closure))
#2 C:\\xampp\\htdocs\
s_pollachi\\vendor\\laravel\\framework\\src\\Illuminate\\Database\\Query\\Builder.php(2130): Illuminate\\Database\\Connection->select('select * from `...', Array, true)
#3 C:\\xampp\\htdocs\
s_pollachi\\vendor\\laravel\\framework\\src\\Illuminate\\Database\\Query\\Builder.php(2118): Illuminate\\Database\\Query\\Builder->runSelect()
#4 C:\\xampp\\htdocs\
s_pollachi\\vendor\\laravel\\framework\\src\\Illuminate\\Database\\Query\\Builder.php(2604): Illuminate\\Database\\Query\\Builder->Illuminate\\Database\\Query\\{closure}()
#5 C:\\xampp\\htdocs\
s_pollachi\\vendor\\laravel\\framework\\src\\Illuminate\\Database\\Query\\Builder.php(2119): Illuminate\\Database\\Query\\Builder->onceWithColumns(Array, Object(Closure))
#6 C:\\xampp\\htdocs\
s_pollachi\\vendor\\laravel\\framework\\src\\Illuminate\\Database\\Eloquent\\Builder.php(521): Illuminate\\Database\\Query\\Builder->get(Array)
#7 C:\\xampp\\htdocs\
s_pollachi\\vendor\\laravel\\framework\\src\\Illuminate\\Database\\Eloquent\\Builder.php(505): Illuminate\\Database\\Eloquent\\Builder->getModels(Array)
#8 C:\\xampp\\htdocs\
s_pollachi\\vendor\\laravel\\framework\\src\\Illuminate\\Database\\Concerns\\BuildsQueries.php(77): Illuminate\\Database\\Eloquent\\Builder->get(Array)
#9 C:\\xampp\\htdocs\
s_pollachi\\vendor\\laravel\\framework\\src\\Illuminate\\Auth\\EloquentUserProvider.php(131): Illuminate\\Database\\Eloquent\\Builder->first()
#10 C:\\xampp\\htdocs\
s_pollachi\\vendor\\laravel\\framework\\src\\Illuminate\\Auth\\SessionGuard.php(349): Illuminate\\Auth\\EloquentUserProvider->retrieveByCredentials(Array)
#11 C:\\xampp\\htdocs\
s_pollachi\\vendor\\laravel\\framework\\src\\Illuminate\\Foundation\\Auth\\AuthenticatesUsers.php(82): Illuminate\\Auth\\SessionGuard->attempt(Array, false)
#12 C:\\xampp\\htdocs\
s_pollachi\\vendor\\laravel\\framework\\src\\Illuminate\\Foundation\\Auth\\AuthenticatesUsers.php(45): App\\Http\\Controllers\\Auth\\LoginController->attemptLogin(Object(Illuminate\\Http\\Request))
#13 [internal function]: App\\Http\\Controllers\\Auth\\LoginController->login(Object(Illuminate\\Http\\Request))
#14 C:\\xampp\\htdocs\
s_pollachi\\vendor\\laravel\\framework\\src\\Illuminate\\Routing\\Controller.php(54): call_user_func_array(Array, Array)
#15 C:\\xampp\\htdocs\
s_pollachi\\vendor\\laravel\\framework\\src\\Illuminate\\Routing\\ControllerDispatcher.php(45): Illuminate\\Routing\\Controller->callAction('login', Array)
#16 C:\\xampp\\htdocs\
s_pollachi\\vendor\\laravel\\framework\\src\\Illuminate\\Routing\\Route.php(219): Illuminate\\Routing\\ControllerDispatcher->dispatch(Object(Illuminate\\Routing\\Route), Object(App\\Http\\Controllers\\Auth\\LoginController), 'login')
#17 C:\\xampp\\htdocs\
s_pollachi\\vendor\\laravel\\framework\\src\\Illuminate\\Routing\\Route.php(176): Illuminate\\Routing\\Route->runController()
#18 C:\\xampp\\htdocs\
s_pollachi\\vendor\\laravel\\framework\\src\\Illuminate\\Routing\\Router.php(680): Illuminate\\Routing\\Route->run()
#19 C:\\xampp\\htdocs\
s_pollachi\\vendor\\laravel\\framework\\src\\Illuminate\\Routing\\Pipeline.php(30): Illuminate\\Routing\\Router->Illuminate\\Routing\\{closure}(Object(Illuminate\\Http\\Request))
#20 C:\\xampp\\htdocs\
s_pollachi\\app\\Http\\Middleware\\RedirectIfAuthenticated.php(24): Illuminate\\Routing\\Pipeline->Illuminate\\Routing\\{closure}(Object(Illuminate\\Http\\Request))
#21 C:\\xampp\\htdocs\
s_pollachi\\vendor\\laravel\\framework\\src\\Illuminate\\Pipeline\\Pipeline.php(163): App\\Http\\Middleware\\RedirectIfAuthenticated->handle(Object(Illuminate\\Http\\Request), Object(Closure))
#22 C:\\xampp\\htdocs\
s_pollachi\\vendor\\laravel\\framework\\src\\Illuminate\\Routing\\Pipeline.php(53): Illuminate\\Pipeline\\Pipeline->Illuminate\\Pipeline\\{closure}(Object(Illuminate\\Http\\Request))
#23 C:\\xampp\\htdocs\
s_pollachi\\vendor\\laravel\\framework\\src\\Illuminate\\Routing\\Middleware\\SubstituteBindings.php(41): Illuminate\\Routing\\Pipeline->Illuminate\\Routing\\{closure}(Object(Illuminate\\Http\\Request))
#24 C:\\xampp\\htdocs\
s_pollachi\\vendor\\laravel\\framework\\src\\Illuminate\\Pipeline\\Pipeline.php(163): Illuminate\\Routing\\Middleware\\SubstituteBindings->handle(Object(Illuminate\\Http\\Request), Object(Closure))
#25 C:\\xampp\\htdocs\
s_pollachi\\vendor\\laravel\\framework\\src\\Illuminate\\Routing\\Pipeline.php(53): Illuminate\\Pipeline\\Pipeline->Illuminate\\Pipeline\\{closure}(Object(Illuminate\\Http\\Request))
#26 C:\\xampp\\htdocs\
s_pollachi\\vendor\\laravel\\framework\\src\\Illuminate\\Foundation\\Http\\Middleware\\VerifyCsrfToken.php(75): Illuminate\\Routing\\Pipeline->Illuminate\\Routing\\{closure}(Object(Illuminate\\Http\\Request))
#27 C:\\xampp\\htdocs\
s_pollachi\\vendor\\laravel\\framework\\src\\Illuminate\\Pipeline\\Pipeline.php(163): Illuminate\\Foundation\\Http\\Middleware\\VerifyCsrfToken->handle(Object(Illuminate\\Http\\Request), Object(Closure))
#28 C:\\xampp\\htdocs\
s_pollachi\\vendor\\laravel\\framework\\src\\Illuminate\\Routing\\Pipeline.php(53): Illuminate\\Pipeline\\Pipeline->Illuminate\\Pipeline\\{closure}(Object(Illuminate\\Http\\Request))
#29 C:\\xampp\\htdocs\
s_pollachi\\vendor\\laravel\\framework\\src\\Illuminate\\View\\Middleware\\ShareErrorsFromSession.php(49): Illuminate\\Routing\\Pipeline->Illuminate\\Routing\\{closure}(Object(Illuminate\\Http\\Request))
#30 C:\\xampp\\htdocs\
s_pollachi\\vendor\\laravel\\framework\\src\\Illuminate\\Pipeline\\Pipeline.php(163): Illuminate\\View\\Middleware\\ShareErrorsFromSession->handle(Object(Illuminate\\Http\\Request), Object(Closure))
#31 C:\\xampp\\htdocs\
s_pollachi\\vendor\\laravel\\framework\\src\\Illuminate\\Routing\\Pipeline.php(53): Illuminate\\Pipeline\\Pipeline->Illuminate\\Pipeline\\{closure}(Object(Illuminate\\Http\\Request))
#32 C:\\xampp\\htdocs\
s_pollachi\\vendor\\laravel\\framework\\src\\Illuminate\\Session\\Middleware\\StartSession.php(56): Illuminate\\Routing\\Pipeline->Illuminate\\Routing\\{closure}(Object(Illuminate\\Http\\Request))
#33 C:\\xampp\\htdocs\
s_pollachi\\vendor\\laravel\\framework\\src\\Illuminate\\Pipeline\\Pipeline.php(163): Illuminate\\Session\\Middleware\\StartSession->handle(Object(Illuminate\\Http\\Request), Object(Closure))
#34 C:\\xampp\\htdocs\
s_pollachi\\vendor\\laravel\\framework\\src\\Illuminate\\Routing\\Pipeline.php(53): Illuminate\\Pipeline\\Pipeline->Illuminate\\Pipeline\\{closure}(Object(Illuminate\\Http\\Request))
#35 C:\\xampp\\htdocs\
s_pollachi\\vendor\\laravel\\framework\\src\\Illuminate\\Cookie\\Middleware\\AddQueuedCookiesToResponse.php(37): Illuminate\\Routing\\Pipeline->Illuminate\\Routing\\{closure}(Object(Illuminate\\Http\\Request))
#36 C:\\xampp\\htdocs\
s_pollachi\\vendor\\laravel\\framework\\src\\Illuminate\\Pipeline\\Pipeline.php(163): Illuminate\\Cookie\\Middleware\\AddQueuedCookiesToResponse->handle(Object(Illuminate\\Http\\Request), Object(Closure))
#37 C:\\xampp\\htdocs\
s_pollachi\\vendor\\laravel\\framework\\src\\Illuminate\\Routing\\Pipeline.php(53): Illuminate\\Pipeline\\Pipeline->Illuminate\\Pipeline\\{closure}(Object(Illuminate\\Http\\Request))
#38 C:\\xampp\\htdocs\
s_pollachi\\vendor\\laravel\\framework\\src\\Illuminate\\Cookie\\Middleware\\EncryptCookies.php(66): Illuminate\\Routing\\Pipeline->Illuminate\\Routing\\{closure}(Object(Illuminate\\Http\\Request))
#39 C:\\xampp\\htdocs\
s_pollachi\\vendor\\laravel\\framework\\src\\Illuminate\\Pipeline\\Pipeline.php(163): Illuminate\\Cookie\\Middleware\\EncryptCookies->handle(Object(Illuminate\\Http\\Request), Object(Closure))
#40 C:\\xampp\\htdocs\
s_pollachi\\vendor\\laravel\\framework\\src\\Illuminate\\Routing\\Pipeline.php(53): Illuminate\\Pipeline\\Pipeline->Illuminate\\Pipeline\\{closure}(Object(Illuminate\\Http\\Request))
#41 C:\\xampp\\htdocs\
s_pollachi\\vendor\\laravel\\framework\\src\\Illuminate\\Pipeline\\Pipeline.php(104): Illuminate\\Routing\\Pipeline->Illuminate\\Routing\\{closure}(Object(Illuminate\\Http\\Request))
#42 C:\\xampp\\htdocs\
s_pollachi\\vendor\\laravel\\framework\\src\\Illuminate\\Routing\\Router.php(682): Illuminate\\Pipeline\\Pipeline->then(Object(Closure))
#43 C:\\xampp\\htdocs\
s_pollachi\\vendor\\laravel\\framework\\src\\Illuminate\\Routing\\Router.php(657): Illuminate\\Routing\\Router->runRouteWithinStack(Object(Illuminate\\Routing\\Route), Object(Illuminate\\Http\\Request))
#44 C:\\xampp\\htdocs\
s_pollachi\\vendor\\laravel\\framework\\src\\Illuminate\\Routing\\Router.php(623): Illuminate\\Routing\\Router->runRoute(Object(Illuminate\\Http\\Request), Object(Illuminate\\Routing\\Route))
#45 C:\\xampp\\htdocs\
s_pollachi\\vendor\\laravel\\framework\\src\\Illuminate\\Routing\\Router.php(612): Illuminate\\Routing\\Router->dispatchToRoute(Object(Illuminate\\Http\\Request))
#46 C:\\xampp\\htdocs\
s_pollachi\\vendor\\laravel\\framework\\src\\Illuminate\\Foundation\\Http\\Kernel.php(176): Illuminate\\Routing\\Router->dispatch(Object(Illuminate\\Http\\Request))
#47 C:\\xampp\\htdocs\
s_pollachi\\vendor\\laravel\\framework\\src\\Illuminate\\Routing\\Pipeline.php(30): Illuminate\\Foundation\\Http\\Kernel->Illuminate\\Foundation\\Http\\{closure}(Object(Illuminate\\Http\\Request))
#48 C:\\xampp\\htdocs\
s_pollachi\\vendor\\laravel\\framework\\src\\Illuminate\\Foundation\\Http\\Middleware\\TransformsRequest.php(21): Illuminate\\Routing\\Pipeline->Illuminate\\Routing\\{closure}(Object(Illuminate\\Http\\Request))
#49 C:\\xampp\\htdocs\
s_pollachi\\vendor\\laravel\\framework\\src\\Illuminate\\Pipeline\\Pipeline.php(163): Illuminate\\Foundation\\Http\\Middleware\\TransformsRequest->handle(Object(Illuminate\\Http\\Request), Object(Closure))
#50 C:\\xampp\\htdocs\
s_pollachi\\vendor\\laravel\\framework\\src\\Illuminate\\Routing\\Pipeline.php(53): Illuminate\\Pipeline\\Pipeline->Illuminate\\Pipeline\\{closure}(Object(Illuminate\\Http\\Request))
#51 C:\\xampp\\htdocs\
s_pollachi\\vendor\\laravel\\framework\\src\\Illuminate\\Foundation\\Http\\Middleware\\TransformsRequest.php(21): Illuminate\\Routing\\Pipeline->Illuminate\\Routing\\{closure}(Object(Illuminate\\Http\\Request))
#52 C:\\xampp\\htdocs\
s_pollachi\\vendor\\laravel\\framework\\src\\Illuminate\\Pipeline\\Pipeline.php(163): Illuminate\\Foundation\\Http\\Middleware\\TransformsRequest->handle(Object(Illuminate\\Http\\Request), Object(Closure))
#53 C:\\xampp\\htdocs\
s_pollachi\\vendor\\laravel\\framework\\src\\Illuminate\\Routing\\Pipeline.php(53): Illuminate\\Pipeline\\Pipeline->Illuminate\\Pipeline\\{closure}(Object(Illuminate\\Http\\Request))
#54 C:\\xampp\\htdocs\
s_pollachi\\vendor\\laravel\\framework\\src\\Illuminate\\Foundation\\Http\\Middleware\\ValidatePostSize.php(27): Illuminate\\Routing\\Pipeline->Illuminate\\Routing\\{closure}(Object(Illuminate\\Http\\Request))
#55 C:\\xampp\\htdocs\
s_pollachi\\vendor\\laravel\\framework\\src\\Illuminate\\Pipeline\\Pipeline.php(163): Illuminate\\Foundation\\Http\\Middleware\\ValidatePostSize->handle(Object(Illuminate\\Http\\Request), Object(Closure))
#56 C:\\xampp\\htdocs\
s_pollachi\\vendor\\laravel\\framework\\src\\Illuminate\\Routing\\Pipeline.php(53): Illuminate\\Pipeline\\Pipeline->Illuminate\\Pipeline\\{closure}(Object(Illuminate\\Http\\Request))
#57 C:\\xampp\\htdocs\
s_pollachi\\vendor\\laravel\\framework\\src\\Illuminate\\Foundation\\Http\\Middleware\\CheckForMaintenanceMode.php(62): Illuminate\\Routing\\Pipeline->Illuminate\\Routing\\{closure}(Object(Illuminate\\Http\\Request))
#58 C:\\xampp\\htdocs\
s_pollachi\\vendor\\laravel\\framework\\src\\Illuminate\\Pipeline\\Pipeline.php(163): Illuminate\\Foundation\\Http\\Middleware\\CheckForMaintenanceMode->handle(Object(Illuminate\\Http\\Request), Object(Closure))
#59 C:\\xampp\\htdocs\
s_pollachi\\vendor\\laravel\\framework\\src\\Illuminate\\Routing\\Pipeline.php(53): Illuminate\\Pipeline\\Pipeline->Illuminate\\Pipeline\\{closure}(Object(Illuminate\\Http\\Request))
#60 C:\\xampp\\htdocs\
s_pollachi\\vendor\\fideloper\\proxy\\src\\TrustProxies.php(57): Illuminate\\Routing\\Pipeline->Illuminate\\Routing\\{closure}(Object(Illuminate\\Http\\Request))
#61 C:\\xampp\\htdocs\
s_pollachi\\vendor\\laravel\\framework\\src\\Illuminate\\Pipeline\\Pipeline.php(163): Fideloper\\Proxy\\TrustProxies->handle(Object(Illuminate\\Http\\Request), Object(Closure))
#62 C:\\xampp\\htdocs\
s_pollachi\\vendor\\laravel\\framework\\src\\Illuminate\\Routing\\Pipeline.php(53): Illuminate\\Pipeline\\Pipeline->Illuminate\\Pipeline\\{closure}(Object(Illuminate\\Http\\Request))
#63 C:\\xampp\\htdocs\
s_pollachi\\vendor\\laravel\\framework\\src\\Illuminate\\Pipeline\\Pipeline.php(104): Illuminate\\Routing\\Pipeline->Illuminate\\Routing\\{closure}(Object(Illuminate\\Http\\Request))
#64 C:\\xampp\\htdocs\
s_pollachi\\vendor\\laravel\\framework\\src\\Illuminate\\Foundation\\Http\\Kernel.php(151): Illuminate\\Pipeline\\Pipeline->then(Object(Closure))
#65 C:\\xampp\\htdocs\
s_pollachi\\vendor\\laravel\\framework\\src\\Illuminate\\Foundation\\Http\\Kernel.php(116): Illuminate\\Foundation\\Http\\Kernel->sendRequestThroughRouter(Object(Illuminate\\Http\\Request))
#66 C:\\xampp\\htdocs\
s_pollachi\\public\\index.php(55): Illuminate\\Foundation\\Http\\Kernel->handle(Object(Illuminate\\Http\\Request))
#67 C:\\xampp\\htdocs\
s_pollachi\\index.php(21): require_once('C:\\\\xampp\\\\htdocs...')
#68 {main}
"} 
[2020-11-04 12:47:25] local.INFO: select * from `users` where `user_name` = ? and `users`.`deleted_at` is null limit 1 ["admin"] 
[2020-11-04 12:47:25] local.INFO: update `users` set `remember_token` = ? where `id` = ? ["HTFXOLWDEsS5hJVGgON0XbRz3ajwpGuSjaleDq1KIOblIZmlfGEIDywCxlLW",1] 
[2020-11-04 12:47:26] local.INFO: select * from `users` where `id` = ? and `users`.`deleted_at` is null limit 1 [1] 
[2020-11-04 12:47:26] local.INFO: select * from `permissions`  
[2020-11-04 12:47:26] local.INFO: select `roles`.*, `role_has_permissions`.`permission_id` as `pivot_permission_id`, `role_has_permissions`.`role_id` as `pivot_role_id` from `roles` inner join `role_has_permissions` on `roles`.`id` = `role_has_permissions`.`role_id` where `role_has_permissions`.`permission_id` in (1, 2, 3, 4, 5, 6, 7, 8, 9, 10, 11, 12, 13, 14, 15, 16, 17, 18, 19, 20, 21, 22, 23, 24, 25, 26, 27, 28, 29, 30, 31, 32, 33, 34, 35, 36, 37, 38, 39, 40, 41, 42, 43, 44, 45, 46, 47, 48, 49, 50, 51, 52, 53, 54, 55, 56, 57, 58, 59, 60, 61, 62, 63, 64, 65, 66, 67, 68, 69, 70, 71, 72, 73, 74, 75, 76, 77, 78, 79, 80, 81, 82, 83, 84, 85, 86, 87, 88, 89, 90, 91, 92, 93, 94, 95, 96, 97, 98, 99, 100, 101, 102, 103, 104, 105, 106, 107, 108, 109, 110, 111, 112, 113, 114, 115, 116, 117, 118, 119, 120, 121, 122, 123, 124, 125, 126, 127, 128, 129, 130, 131, 132, 133, 134, 135, 136, 137, 138, 139, 140)  
[2020-11-04 12:47:26] local.INFO: select `permissions`.*, `model_has_permissions`.`model_id` as `pivot_model_id`, `model_has_permissions`.`permission_id` as `pivot_permission_id`, `model_has_permissions`.`model_type` as `pivot_model_type` from `permissions` inner join `model_has_permissions` on `permissions`.`id` = `model_has_permissions`.`permission_id` where `model_has_permissions`.`model_id` = ? and `model_has_permissions`.`model_type` = ? [1,"App\\User"] 
[2020-11-04 12:47:26] local.INFO: select `roles`.*, `model_has_roles`.`model_id` as `pivot_model_id`, `model_has_roles`.`role_id` as `pivot_role_id`, `model_has_roles`.`model_type` as `pivot_model_type` from `roles` inner join `model_has_roles` on `roles`.`id` = `model_has_roles`.`role_id` where `model_has_roles`.`model_id` = ? and `model_has_roles`.`model_type` = ? [1,"App\\User"] 
[2020-11-04 12:47:43] local.INFO: select * from `users` where `id` = ? and `users`.`deleted_at` is null limit 1 [1] 
[2020-11-04 12:47:43] local.INFO: select `permissions`.*, `model_has_permissions`.`model_id` as `pivot_model_id`, `model_has_permissions`.`permission_id` as `pivot_permission_id`, `model_has_permissions`.`model_type` as `pivot_model_type` from `permissions` inner join `model_has_permissions` on `permissions`.`id` = `model_has_permissions`.`permission_id` where `model_has_permissions`.`model_id` = ? and `model_has_permissions`.`model_type` = ? [1,"App\\User"] 
[2020-11-04 12:47:43] local.INFO: select `roles`.*, `model_has_roles`.`model_id` as `pivot_model_id`, `model_has_roles`.`role_id` as `pivot_role_id`, `model_has_roles`.`model_type` as `pivot_model_type` from `roles` inner join `model_has_roles` on `roles`.`id` = `model_has_roles`.`role_id` where `model_has_roles`.`model_id` = ? and `model_has_roles`.`model_type` = ? [1,"App\\User"] 
[2020-11-04 12:47:43] local.INFO: select * from `states` where `states`.`deleted_at` is null  
[2020-11-04 12:47:46] local.INFO: select * from `users` where `id` = ? and `users`.`deleted_at` is null limit 1 [1] 
[2020-11-04 12:47:46] local.INFO: select `permissions`.*, `model_has_permissions`.`model_id` as `pivot_model_id`, `model_has_permissions`.`permission_id` as `pivot_permission_id`, `model_has_permissions`.`model_type` as `pivot_model_type` from `permissions` inner join `model_has_permissions` on `permissions`.`id` = `model_has_permissions`.`permission_id` where `model_has_permissions`.`model_id` = ? and `model_has_permissions`.`model_type` = ? [1,"App\\User"] 
[2020-11-04 12:47:46] local.INFO: select `roles`.*, `model_has_roles`.`model_id` as `pivot_model_id`, `model_has_roles`.`role_id` as `pivot_role_id`, `model_has_roles`.`model_type` as `pivot_model_type` from `roles` inner join `model_has_roles` on `roles`.`id` = `model_has_roles`.`role_id` where `model_has_roles`.`model_id` = ? and `model_has_roles`.`model_type` = ? [1,"App\\User"] 
[2020-11-04 12:47:46] local.INFO: select * from `districts` where `districts`.`deleted_at` is null  
[2020-11-04 12:47:46] local.INFO: select * from `states` where `states`.`id` = ? and `states`.`deleted_at` is null limit 1 [1] 
[2020-11-04 12:47:46] local.INFO: select * from `states` where `states`.`id` = ? and `states`.`deleted_at` is null limit 1 [3] 
[2020-11-04 12:47:49] local.INFO: select * from `users` where `id` = ? and `users`.`deleted_at` is null limit 1 [1] 
[2020-11-04 12:47:49] local.INFO: select `permissions`.*, `model_has_permissions`.`model_id` as `pivot_model_id`, `model_has_permissions`.`permission_id` as `pivot_permission_id`, `model_has_permissions`.`model_type` as `pivot_model_type` from `permissions` inner join `model_has_permissions` on `permissions`.`id` = `model_has_permissions`.`permission_id` where `model_has_permissions`.`model_id` = ? and `model_has_permissions`.`model_type` = ? [1,"App\\User"] 
[2020-11-04 12:47:49] local.INFO: select `roles`.*, `model_has_roles`.`model_id` as `pivot_model_id`, `model_has_roles`.`role_id` as `pivot_role_id`, `model_has_roles`.`model_type` as `pivot_model_type` from `roles` inner join `model_has_roles` on `roles`.`id` = `model_has_roles`.`role_id` where `model_has_roles`.`model_id` = ? and `model_has_roles`.`model_type` = ? [1,"App\\User"] 
[2020-11-04 12:47:49] local.INFO: select * from `cities` where `cities`.`deleted_at` is null  
[2020-11-04 12:47:49] local.INFO: select * from `states` where `states`.`id` in (3) and `states`.`deleted_at` is null  
[2020-11-04 12:47:49] local.INFO: select * from `districts` where `districts`.`id` in (2) and `districts`.`deleted_at` is null  
[2020-11-04 12:47:51] local.INFO: select * from `users` where `id` = ? and `users`.`deleted_at` is null limit 1 [1] 
[2020-11-04 12:47:51] local.INFO: select `permissions`.*, `model_has_permissions`.`model_id` as `pivot_model_id`, `model_has_permissions`.`permission_id` as `pivot_permission_id`, `model_has_permissions`.`model_type` as `pivot_model_type` from `permissions` inner join `model_has_permissions` on `permissions`.`id` = `model_has_permissions`.`permission_id` where `model_has_permissions`.`model_id` = ? and `model_has_permissions`.`model_type` = ? [1,"App\\User"] 
[2020-11-04 12:47:51] local.INFO: select `roles`.*, `model_has_roles`.`model_id` as `pivot_model_id`, `model_has_roles`.`role_id` as `pivot_role_id`, `model_has_roles`.`model_type` as `pivot_model_type` from `roles` inner join `model_has_roles` on `roles`.`id` = `model_has_roles`.`role_id` where `model_has_roles`.`model_id` = ? and `model_has_roles`.`model_type` = ? [1,"App\\User"] 
[2020-11-04 12:47:51] local.INFO: select * from `locations`  
[2020-11-04 12:47:51] local.INFO: select * from `location_types` where `location_types`.`id` = ? and `location_types`.`deleted_at` is null limit 1 [2] 
[2020-11-04 12:47:51] local.INFO: select * from `states` where `states`.`id` = ? and `states`.`deleted_at` is null limit 1 [2] 
[2020-11-04 12:47:51] local.INFO: select * from `location_types` where `location_types`.`id` = ? and `location_types`.`deleted_at` is null limit 1 [2] 
[2020-11-04 12:47:51] local.INFO: select * from `states` where `states`.`id` = ? and `states`.`deleted_at` is null limit 1 [2] 
[2020-11-04 12:47:51] local.INFO: select * from `location_types` where `location_types`.`id` = ? and `location_types`.`deleted_at` is null limit 1 [1] 
[2020-11-04 12:47:51] local.INFO: select * from `districts` where `districts`.`id` = ? and `districts`.`deleted_at` is null limit 1 [1] 
[2020-11-04 12:47:51] local.INFO: select * from `states` where `states`.`id` = ? and `states`.`deleted_at` is null limit 1 [1] 
[2020-11-04 12:47:54] local.INFO: select * from `users` where `id` = ? and `users`.`deleted_at` is null limit 1 [1] 
[2020-11-04 12:47:54] local.INFO: select `permissions`.*, `model_has_permissions`.`model_id` as `pivot_model_id`, `model_has_permissions`.`permission_id` as `pivot_permission_id`, `model_has_permissions`.`model_type` as `pivot_model_type` from `permissions` inner join `model_has_permissions` on `permissions`.`id` = `model_has_permissions`.`permission_id` where `model_has_permissions`.`model_id` = ? and `model_has_permissions`.`model_type` = ? [1,"App\\User"] 
[2020-11-04 12:47:54] local.INFO: select `roles`.*, `model_has_roles`.`model_id` as `pivot_model_id`, `model_has_roles`.`role_id` as `pivot_role_id`, `model_has_roles`.`model_type` as `pivot_model_type` from `roles` inner join `model_has_roles` on `roles`.`id` = `model_has_roles`.`role_id` where `model_has_roles`.`model_id` = ? and `model_has_roles`.`model_type` = ? [1,"App\\User"] 
[2020-11-04 12:47:54] local.INFO: select * from `ho_details`  
[2020-11-04 12:47:54] local.INFO: select * from `states` where `states`.`id` = ? and `states`.`deleted_at` is null limit 1 [1] 
[2020-11-04 12:47:54] local.INFO: select * from `states` where `states`.`id` = ? and `states`.`deleted_at` is null limit 1 [2] 
[2020-11-04 12:47:54] local.INFO: select * from `districts` where `districts`.`id` = ? and `districts`.`deleted_at` is null limit 1 [1] 
[2020-11-04 12:47:54] local.INFO: select * from `states` where `states`.`id` = ? and `states`.`deleted_at` is null limit 1 [1] 
[2020-11-04 12:47:54] local.INFO: select * from `states` where `states`.`id` = ? and `states`.`deleted_at` is null limit 1 [1] 
[2020-11-04 12:47:56] local.INFO: select * from `users` where `id` = ? and `users`.`deleted_at` is null limit 1 [1] 
[2020-11-04 12:47:56] local.INFO: select `permissions`.*, `model_has_permissions`.`model_id` as `pivot_model_id`, `model_has_permissions`.`permission_id` as `pivot_permission_id`, `model_has_permissions`.`model_type` as `pivot_model_type` from `permissions` inner join `model_has_permissions` on `permissions`.`id` = `model_has_permissions`.`permission_id` where `model_has_permissions`.`model_id` = ? and `model_has_permissions`.`model_type` = ? [1,"App\\User"] 
[2020-11-04 12:47:56] local.INFO: select `roles`.*, `model_has_roles`.`model_id` as `pivot_model_id`, `model_has_roles`.`role_id` as `pivot_role_id`, `model_has_roles`.`model_type` as `pivot_model_type` from `roles` inner join `model_has_roles` on `roles`.`id` = `model_has_roles`.`role_id` where `model_has_roles`.`model_id` = ? and `model_has_roles`.`model_type` = ? [1,"App\\User"] 
[2020-11-04 12:47:56] local.INFO: select * from `banks` where `banks`.`deleted_at` is null  
[2020-11-04 12:48:31] local.INFO: select * from `users` where `id` = ? and `users`.`deleted_at` is null limit 1 [1] 
[2020-11-04 12:48:31] local.INFO: select `permissions`.*, `model_has_permissions`.`model_id` as `pivot_model_id`, `model_has_permissions`.`permission_id` as `pivot_permission_id`, `model_has_permissions`.`model_type` as `pivot_model_type` from `permissions` inner join `model_has_permissions` on `permissions`.`id` = `model_has_permissions`.`permission_id` where `model_has_permissions`.`model_id` = ? and `model_has_permissions`.`model_type` = ? [1,"App\\User"] 
[2020-11-04 12:48:31] local.INFO: select `roles`.*, `model_has_roles`.`model_id` as `pivot_model_id`, `model_has_roles`.`role_id` as `pivot_role_id`, `model_has_roles`.`model_type` as `pivot_model_type` from `roles` inner join `model_has_roles` on `roles`.`id` = `model_has_roles`.`role_id` where `model_has_roles`.`model_id` = ? and `model_has_roles`.`model_type` = ? [1,"App\\User"] 
[2020-11-04 12:48:35] local.INFO: select * from `users` where `id` = ? and `users`.`deleted_at` is null limit 1 [1] 
[2020-11-04 12:48:35] local.INFO: select * from `suppliers`  
[2020-11-04 12:48:35] local.INFO: select `permissions`.*, `model_has_permissions`.`model_id` as `pivot_model_id`, `model_has_permissions`.`permission_id` as `pivot_permission_id`, `model_has_permissions`.`model_type` as `pivot_model_type` from `permissions` inner join `model_has_permissions` on `permissions`.`id` = `model_has_permissions`.`permission_id` where `model_has_permissions`.`model_id` = ? and `model_has_permissions`.`model_type` = ? [1,"App\\User"] 
[2020-11-04 12:48:35] local.INFO: select `roles`.*, `model_has_roles`.`model_id` as `pivot_model_id`, `model_has_roles`.`role_id` as `pivot_role_id`, `model_has_roles`.`model_type` as `pivot_model_type` from `roles` inner join `model_has_roles` on `roles`.`id` = `model_has_roles`.`role_id` where `model_has_roles`.`model_id` = ? and `model_has_roles`.`model_type` = ? [1,"App\\User"] 
[2020-11-04 12:49:15] local.INFO: select * from `users` where `id` = ? and `users`.`deleted_at` is null limit 1 [1] 
[2020-11-04 12:49:15] local.INFO: select `permissions`.*, `model_has_permissions`.`model_id` as `pivot_model_id`, `model_has_permissions`.`permission_id` as `pivot_permission_id`, `model_has_permissions`.`model_type` as `pivot_model_type` from `permissions` inner join `model_has_permissions` on `permissions`.`id` = `model_has_permissions`.`permission_id` where `model_has_permissions`.`model_id` = ? and `model_has_permissions`.`model_type` = ? [1,"App\\User"] 
[2020-11-04 12:49:15] local.INFO: select `roles`.*, `model_has_roles`.`model_id` as `pivot_model_id`, `model_has_roles`.`role_id` as `pivot_role_id`, `model_has_roles`.`model_type` as `pivot_model_type` from `roles` inner join `model_has_roles` on `roles`.`id` = `model_has_roles`.`role_id` where `model_has_roles`.`model_id` = ? and `model_has_roles`.`model_type` = ? [1,"App\\User"] 
[2020-11-04 12:49:15] local.INFO: select * from `address_types`  
[2020-11-04 12:49:15] local.INFO: select * from `states` where `states`.`deleted_at` is null  
[2020-11-04 12:49:15] local.INFO: select * from `banks` where `banks`.`deleted_at` is null  
[2020-11-04 12:49:15] local.INFO: select * from `account_types`  
[2020-11-04 12:49:15] local.INFO: select * from `customer_suppliers` where `type` = ? ["Supplier"] 
[2020-11-04 13:03:59] local.INFO: select * from `users` where `id` = ? and `users`.`deleted_at` is null limit 1 [1] 
[2020-11-04 13:03:59] local.INFO: select `permissions`.*, `model_has_permissions`.`model_id` as `pivot_model_id`, `model_has_permissions`.`permission_id` as `pivot_permission_id`, `model_has_permissions`.`model_type` as `pivot_model_type` from `permissions` inner join `model_has_permissions` on `permissions`.`id` = `model_has_permissions`.`permission_id` where `model_has_permissions`.`model_id` = ? and `model_has_permissions`.`model_type` = ? [1,"App\\User"] 
[2020-11-04 13:03:59] local.INFO: select `roles`.*, `model_has_roles`.`model_id` as `pivot_model_id`, `model_has_roles`.`role_id` as `pivot_role_id`, `model_has_roles`.`model_type` as `pivot_model_type` from `roles` inner join `model_has_roles` on `roles`.`id` = `model_has_roles`.`role_id` where `model_has_roles`.`model_id` = ? and `model_has_roles`.`model_type` = ? [1,"App\\User"] 
[2020-11-04 13:03:59] local.INFO: select * from `banks` where `banks`.`deleted_at` is null  
[2020-11-04 13:04:58] local.INFO: select * from `users` where `id` = ? and `users`.`deleted_at` is null limit 1 [1] 
[2020-11-04 13:04:58] local.INFO: select `permissions`.*, `model_has_permissions`.`model_id` as `pivot_model_id`, `model_has_permissions`.`permission_id` as `pivot_permission_id`, `model_has_permissions`.`model_type` as `pivot_model_type` from `permissions` inner join `model_has_permissions` on `permissions`.`id` = `model_has_permissions`.`permission_id` where `model_has_permissions`.`model_id` = ? and `model_has_permissions`.`model_type` = ? [1,"App\\User"] 
[2020-11-04 13:04:58] local.INFO: select `roles`.*, `model_has_roles`.`model_id` as `pivot_model_id`, `model_has_roles`.`role_id` as `pivot_role_id`, `model_has_roles`.`model_type` as `pivot_model_type` from `roles` inner join `model_has_roles` on `roles`.`id` = `model_has_roles`.`role_id` where `model_has_roles`.`model_id` = ? and `model_has_roles`.`model_type` = ? [1,"App\\User"] 
[2020-11-04 13:04:58] local.INFO: select * from `banks` where `banks`.`deleted_at` is null  
[2020-11-04 13:05:04] local.INFO: select * from `users` where `id` = ? and `users`.`deleted_at` is null limit 1 [1] 
[2020-11-04 13:05:04] local.INFO: select `permissions`.*, `model_has_permissions`.`model_id` as `pivot_model_id`, `model_has_permissions`.`permission_id` as `pivot_permission_id`, `model_has_permissions`.`model_type` as `pivot_model_type` from `permissions` inner join `model_has_permissions` on `permissions`.`id` = `model_has_permissions`.`permission_id` where `model_has_permissions`.`model_id` = ? and `model_has_permissions`.`model_type` = ? [1,"App\\User"] 
[2020-11-04 13:05:04] local.INFO: select `roles`.*, `model_has_roles`.`model_id` as `pivot_model_id`, `model_has_roles`.`role_id` as `pivot_role_id`, `model_has_roles`.`model_type` as `pivot_model_type` from `roles` inner join `model_has_roles` on `roles`.`id` = `model_has_roles`.`role_id` where `model_has_roles`.`model_id` = ? and `model_has_roles`.`model_type` = ? [1,"App\\User"] 
[2020-11-04 13:05:04] local.INFO: select * from `banks` where `banks`.`deleted_at` is null  
[2020-11-04 13:09:20] local.INFO: select * from `users` where `id` = ? and `users`.`deleted_at` is null limit 1 [1] 
[2020-11-04 13:09:20] local.INFO: select `permissions`.*, `model_has_permissions`.`model_id` as `pivot_model_id`, `model_has_permissions`.`permission_id` as `pivot_permission_id`, `model_has_permissions`.`model_type` as `pivot_model_type` from `permissions` inner join `model_has_permissions` on `permissions`.`id` = `model_has_permissions`.`permission_id` where `model_has_permissions`.`model_id` = ? and `model_has_permissions`.`model_type` = ? [1,"App\\User"] 
[2020-11-04 13:09:20] local.INFO: select `roles`.*, `model_has_roles`.`model_id` as `pivot_model_id`, `model_has_roles`.`role_id` as `pivot_role_id`, `model_has_roles`.`model_type` as `pivot_model_type` from `roles` inner join `model_has_roles` on `roles`.`id` = `model_has_roles`.`role_id` where `model_has_roles`.`model_id` = ? and `model_has_roles`.`model_type` = ? [1,"App\\User"] 
[2020-11-04 17:01:43] local.INFO: select * from `users` where `id` = ? and `users`.`deleted_at` is null limit 1 ["1"] 
[2020-11-04 17:01:43] local.INFO: select `permissions`.*, `model_has_permissions`.`model_id` as `pivot_model_id`, `model_has_permissions`.`permission_id` as `pivot_permission_id`, `model_has_permissions`.`model_type` as `pivot_model_type` from `permissions` inner join `model_has_permissions` on `permissions`.`id` = `model_has_permissions`.`permission_id` where `model_has_permissions`.`model_id` = ? and `model_has_permissions`.`model_type` = ? [1,"App\\User"] 
[2020-11-04 17:01:43] local.INFO: select `roles`.*, `model_has_roles`.`model_id` as `pivot_model_id`, `model_has_roles`.`role_id` as `pivot_role_id`, `model_has_roles`.`model_type` as `pivot_model_type` from `roles` inner join `model_has_roles` on `roles`.`id` = `model_has_roles`.`role_id` where `model_has_roles`.`model_id` = ? and `model_has_roles`.`model_type` = ? [1,"App\\User"] 
